  main.cpp
D:\Fakultet\GRAFIKA\proj\RG V5\Teksture\main.cpp(81,10): warning C4305: 'initializing': truncation from 'double' to 'float'
D:\Fakultet\GRAFIKA\proj\RG V5\Teksture\main.cpp(81,16): warning C4305: 'initializing': truncation from 'double' to 'float'
D:\Fakultet\GRAFIKA\proj\RG V5\Teksture\main.cpp(81,28): warning C4305: 'initializing': truncation from 'double' to 'float'
D:\Fakultet\GRAFIKA\proj\RG V5\Teksture\main.cpp(81,33): warning C4305: 'initializing': truncation from 'double' to 'float'
D:\Fakultet\GRAFIKA\proj\RG V5\Teksture\main.cpp(81,38): warning C4305: 'initializing': truncation from 'double' to 'float'
D:\Fakultet\GRAFIKA\proj\RG V5\Teksture\main.cpp(82,10): warning C4305: 'initializing': truncation from 'double' to 'float'
D:\Fakultet\GRAFIKA\proj\RG V5\Teksture\main.cpp(82,15): warning C4305: 'initializing': truncation from 'double' to 'float'
D:\Fakultet\GRAFIKA\proj\RG V5\Teksture\main.cpp(82,27): warning C4305: 'initializing': truncation from 'double' to 'float'
D:\Fakultet\GRAFIKA\proj\RG V5\Teksture\main.cpp(82,32): warning C4305: 'initializing': truncation from 'double' to 'float'
D:\Fakultet\GRAFIKA\proj\RG V5\Teksture\main.cpp(82,37): warning C4305: 'initializing': truncation from 'double' to 'float'
D:\Fakultet\GRAFIKA\proj\RG V5\Teksture\main.cpp(83,9): warning C4305: 'initializing': truncation from 'double' to 'float'
D:\Fakultet\GRAFIKA\proj\RG V5\Teksture\main.cpp(83,15): warning C4305: 'initializing': truncation from 'double' to 'float'
D:\Fakultet\GRAFIKA\proj\RG V5\Teksture\main.cpp(83,27): warning C4305: 'initializing': truncation from 'double' to 'float'
D:\Fakultet\GRAFIKA\proj\RG V5\Teksture\main.cpp(83,32): warning C4305: 'initializing': truncation from 'double' to 'float'
D:\Fakultet\GRAFIKA\proj\RG V5\Teksture\main.cpp(83,37): warning C4305: 'initializing': truncation from 'double' to 'float'
D:\Fakultet\GRAFIKA\proj\RG V5\Teksture\main.cpp(84,9): warning C4305: 'initializing': truncation from 'double' to 'float'
D:\Fakultet\GRAFIKA\proj\RG V5\Teksture\main.cpp(84,14): warning C4305: 'initializing': truncation from 'double' to 'float'
D:\Fakultet\GRAFIKA\proj\RG V5\Teksture\main.cpp(84,26): warning C4305: 'initializing': truncation from 'double' to 'float'
D:\Fakultet\GRAFIKA\proj\RG V5\Teksture\main.cpp(84,31): warning C4305: 'initializing': truncation from 'double' to 'float'
D:\Fakultet\GRAFIKA\proj\RG V5\Teksture\main.cpp(84,36): warning C4305: 'initializing': truncation from 'double' to 'float'
D:\Fakultet\GRAFIKA\proj\RG V5\Teksture\main.cpp(108,21): warning C4244: 'initializing': conversion from 'double' to 'float', possible loss of data
D:\Fakultet\GRAFIKA\proj\RG V5\Teksture\main.cpp(123,10): warning C4305: 'initializing': truncation from 'double' to 'float'
D:\Fakultet\GRAFIKA\proj\RG V5\Teksture\main.cpp(123,17): warning C4305: 'initializing': truncation from 'double' to 'float'
D:\Fakultet\GRAFIKA\proj\RG V5\Teksture\main.cpp(124,10): warning C4305: 'initializing': truncation from 'double' to 'float'
D:\Fakultet\GRAFIKA\proj\RG V5\Teksture\main.cpp(124,16): warning C4305: 'initializing': truncation from 'double' to 'float'
D:\Fakultet\GRAFIKA\proj\RG V5\Teksture\main.cpp(125,10): warning C4305: 'initializing': truncation from 'double' to 'float'
D:\Fakultet\GRAFIKA\proj\RG V5\Teksture\main.cpp(125,17): warning C4305: 'initializing': truncation from 'double' to 'float'
D:\Fakultet\GRAFIKA\proj\RG V5\Teksture\main.cpp(126,10): warning C4305: 'initializing': truncation from 'double' to 'float'
D:\Fakultet\GRAFIKA\proj\RG V5\Teksture\main.cpp(126,16): warning C4305: 'initializing': truncation from 'double' to 'float'
D:\Fakultet\GRAFIKA\proj\RG V5\Teksture\main.cpp(142,14): warning C4305: 'initializing': truncation from 'double' to 'float'
D:\Fakultet\GRAFIKA\proj\RG V5\Teksture\main.cpp(143,14): warning C4305: 'initializing': truncation from 'double' to 'float'
D:\Fakultet\GRAFIKA\proj\RG V5\Teksture\main.cpp(144,9): warning C4305: 'initializing': truncation from 'double' to 'float'
D:\Fakultet\GRAFIKA\proj\RG V5\Teksture\main.cpp(144,14): warning C4305: 'initializing': truncation from 'double' to 'float'
D:\Fakultet\GRAFIKA\proj\RG V5\Teksture\main.cpp(145,9): warning C4305: 'initializing': truncation from 'double' to 'float'
D:\Fakultet\GRAFIKA\proj\RG V5\Teksture\main.cpp(145,14): warning C4305: 'initializing': truncation from 'double' to 'float'
D:\Fakultet\GRAFIKA\proj\RG V5\Teksture\main.cpp(160,14): warning C4305: 'initializing': truncation from 'double' to 'float'
D:\Fakultet\GRAFIKA\proj\RG V5\Teksture\main.cpp(161,14): warning C4305: 'initializing': truncation from 'double' to 'float'
D:\Fakultet\GRAFIKA\proj\RG V5\Teksture\main.cpp(162,9): warning C4305: 'initializing': truncation from 'double' to 'float'
D:\Fakultet\GRAFIKA\proj\RG V5\Teksture\main.cpp(162,14): warning C4305: 'initializing': truncation from 'double' to 'float'
D:\Fakultet\GRAFIKA\proj\RG V5\Teksture\main.cpp(163,9): warning C4305: 'initializing': truncation from 'double' to 'float'
D:\Fakultet\GRAFIKA\proj\RG V5\Teksture\main.cpp(163,14): warning C4305: 'initializing': truncation from 'double' to 'float'
D:\Fakultet\GRAFIKA\proj\RG V5\Teksture\main.cpp(178,10): warning C4305: 'initializing': truncation from 'double' to 'float'
D:\Fakultet\GRAFIKA\proj\RG V5\Teksture\main.cpp(178,16): warning C4305: 'initializing': truncation from 'double' to 'float'
D:\Fakultet\GRAFIKA\proj\RG V5\Teksture\main.cpp(179,10): warning C4305: 'initializing': truncation from 'double' to 'float'
D:\Fakultet\GRAFIKA\proj\RG V5\Teksture\main.cpp(179,16): warning C4305: 'initializing': truncation from 'double' to 'float'
D:\Fakultet\GRAFIKA\proj\RG V5\Teksture\main.cpp(180,10): warning C4305: 'initializing': truncation from 'double' to 'float'
D:\Fakultet\GRAFIKA\proj\RG V5\Teksture\main.cpp(180,16): warning C4305: 'initializing': truncation from 'double' to 'float'
D:\Fakultet\GRAFIKA\proj\RG V5\Teksture\main.cpp(181,10): warning C4305: 'initializing': truncation from 'double' to 'float'
D:\Fakultet\GRAFIKA\proj\RG V5\Teksture\main.cpp(181,16): warning C4305: 'initializing': truncation from 'double' to 'float'
D:\Fakultet\GRAFIKA\proj\RG V5\Teksture\main.cpp(196,14): warning C4305: 'initializing': truncation from 'double' to 'float'
D:\Fakultet\GRAFIKA\proj\RG V5\Teksture\main.cpp(198,9): warning C4305: 'initializing': truncation from 'double' to 'float'
D:\Fakultet\GRAFIKA\proj\RG V5\Teksture\main.cpp(198,14): warning C4305: 'initializing': truncation from 'double' to 'float'
D:\Fakultet\GRAFIKA\proj\RG V5\Teksture\main.cpp(199,9): warning C4305: 'initializing': truncation from 'double' to 'float'
D:\Fakultet\GRAFIKA\proj\RG V5\Teksture\main.cpp(214,14): warning C4305: 'initializing': truncation from 'double' to 'float'
D:\Fakultet\GRAFIKA\proj\RG V5\Teksture\main.cpp(215,14): warning C4305: 'initializing': truncation from 'double' to 'float'
D:\Fakultet\GRAFIKA\proj\RG V5\Teksture\main.cpp(216,9): warning C4305: 'initializing': truncation from 'double' to 'float'
D:\Fakultet\GRAFIKA\proj\RG V5\Teksture\main.cpp(216,14): warning C4305: 'initializing': truncation from 'double' to 'float'
D:\Fakultet\GRAFIKA\proj\RG V5\Teksture\main.cpp(217,9): warning C4305: 'initializing': truncation from 'double' to 'float'
D:\Fakultet\GRAFIKA\proj\RG V5\Teksture\main.cpp(217,14): warning C4305: 'initializing': truncation from 'double' to 'float'
D:\Fakultet\GRAFIKA\proj\RG V5\Teksture\main.cpp(232,9): warning C4305: 'initializing': truncation from 'double' to 'float'
D:\Fakultet\GRAFIKA\proj\RG V5\Teksture\main.cpp(232,15): warning C4305: 'initializing': truncation from 'double' to 'float'
D:\Fakultet\GRAFIKA\proj\RG V5\Teksture\main.cpp(233,9): warning C4305: 'initializing': truncation from 'double' to 'float'
D:\Fakultet\GRAFIKA\proj\RG V5\Teksture\main.cpp(233,15): warning C4305: 'initializing': truncation from 'double' to 'float'
D:\Fakultet\GRAFIKA\proj\RG V5\Teksture\main.cpp(246,9): warning C4305: 'initializing': truncation from 'double' to 'float'
D:\Fakultet\GRAFIKA\proj\RG V5\Teksture\main.cpp(246,14): warning C4305: 'initializing': truncation from 'double' to 'float'
D:\Fakultet\GRAFIKA\proj\RG V5\Teksture\main.cpp(247,9): warning C4305: 'initializing': truncation from 'double' to 'float'
D:\Fakultet\GRAFIKA\proj\RG V5\Teksture\main.cpp(247,14): warning C4305: 'initializing': truncation from 'double' to 'float'
D:\Fakultet\GRAFIKA\proj\RG V5\Teksture\main.cpp(248,9): warning C4305: 'initializing': truncation from 'double' to 'float'
D:\Fakultet\GRAFIKA\proj\RG V5\Teksture\main.cpp(248,15): warning C4305: 'initializing': truncation from 'double' to 'float'
D:\Fakultet\GRAFIKA\proj\RG V5\Teksture\main.cpp(249,9): warning C4305: 'initializing': truncation from 'double' to 'float'
D:\Fakultet\GRAFIKA\proj\RG V5\Teksture\main.cpp(249,15): warning C4305: 'initializing': truncation from 'double' to 'float'
D:\Fakultet\GRAFIKA\proj\RG V5\Teksture\main.cpp(264,10): warning C4305: 'initializing': truncation from 'double' to 'float'
D:\Fakultet\GRAFIKA\proj\RG V5\Teksture\main.cpp(264,16): warning C4305: 'initializing': truncation from 'double' to 'float'
D:\Fakultet\GRAFIKA\proj\RG V5\Teksture\main.cpp(265,10): warning C4305: 'initializing': truncation from 'double' to 'float'
D:\Fakultet\GRAFIKA\proj\RG V5\Teksture\main.cpp(265,16): warning C4305: 'initializing': truncation from 'double' to 'float'
D:\Fakultet\GRAFIKA\proj\RG V5\Teksture\main.cpp(278,10): warning C4305: 'initializing': truncation from 'double' to 'float'
D:\Fakultet\GRAFIKA\proj\RG V5\Teksture\main.cpp(278,16): warning C4305: 'initializing': truncation from 'double' to 'float'
D:\Fakultet\GRAFIKA\proj\RG V5\Teksture\main.cpp(279,10): warning C4305: 'initializing': truncation from 'double' to 'float'
D:\Fakultet\GRAFIKA\proj\RG V5\Teksture\main.cpp(279,16): warning C4305: 'initializing': truncation from 'double' to 'float'
D:\Fakultet\GRAFIKA\proj\RG V5\Teksture\main.cpp(292,10): warning C4305: 'initializing': truncation from 'double' to 'float'
D:\Fakultet\GRAFIKA\proj\RG V5\Teksture\main.cpp(292,16): warning C4305: 'initializing': truncation from 'double' to 'float'
D:\Fakultet\GRAFIKA\proj\RG V5\Teksture\main.cpp(293,10): warning C4305: 'initializing': truncation from 'double' to 'float'
D:\Fakultet\GRAFIKA\proj\RG V5\Teksture\main.cpp(293,16): warning C4305: 'initializing': truncation from 'double' to 'float'
D:\Fakultet\GRAFIKA\proj\RG V5\Teksture\main.cpp(307,15): warning C4305: 'initializing': truncation from 'double' to 'float'
D:\Fakultet\GRAFIKA\proj\RG V5\Teksture\main.cpp(308,9): warning C4305: 'initializing': truncation from 'double' to 'float'
D:\Fakultet\GRAFIKA\proj\RG V5\Teksture\main.cpp(308,15): warning C4305: 'initializing': truncation from 'double' to 'float'
D:\Fakultet\GRAFIKA\proj\RG V5\Teksture\main.cpp(321,15): warning C4305: 'initializing': truncation from 'double' to 'float'
D:\Fakultet\GRAFIKA\proj\RG V5\Teksture\main.cpp(334,15): warning C4305: 'initializing': truncation from 'double' to 'float'
D:\Fakultet\GRAFIKA\proj\RG V5\Teksture\main.cpp(335,15): warning C4305: 'initializing': truncation from 'double' to 'float'
D:\Fakultet\GRAFIKA\proj\RG V5\Teksture\main.cpp(336,9): warning C4305: 'initializing': truncation from 'double' to 'float'
D:\Fakultet\GRAFIKA\proj\RG V5\Teksture\main.cpp(336,15): warning C4305: 'initializing': truncation from 'double' to 'float'
D:\Fakultet\GRAFIKA\proj\RG V5\Teksture\main.cpp(337,9): warning C4305: 'initializing': truncation from 'double' to 'float'
D:\Fakultet\GRAFIKA\proj\RG V5\Teksture\main.cpp(337,15): warning C4305: 'initializing': truncation from 'double' to 'float'
D:\Fakultet\GRAFIKA\proj\RG V5\Teksture\main.cpp(353,9): warning C4305: 'initializing': truncation from 'double' to 'float'
D:\Fakultet\GRAFIKA\proj\RG V5\Teksture\main.cpp(353,16): warning C4305: 'initializing': truncation from 'double' to 'float'
D:\Fakultet\GRAFIKA\proj\RG V5\Teksture\main.cpp(366,10): warning C4305: 'initializing': truncation from 'double' to 'float'
D:\Fakultet\GRAFIKA\proj\RG V5\Teksture\main.cpp(366,17): warning C4305: 'initializing': truncation from 'double' to 'float'
D:\Fakultet\GRAFIKA\proj\RG V5\Teksture\main.cpp(367,10): warning C4305: 'initializing': truncation from 'double' to 'float'
D:\Fakultet\GRAFIKA\proj\RG V5\Teksture\main.cpp(367,17): warning C4305: 'initializing': truncation from 'double' to 'float'
D:\Fakultet\GRAFIKA\proj\RG V5\Teksture\main.cpp(368,10): warning C4305: 'initializing': truncation from 'double' to 'float'
D:\Fakultet\GRAFIKA\proj\RG V5\Teksture\main.cpp(368,17): warning C4305: 'initializing': truncation from 'double' to 'float'
D:\Fakultet\GRAFIKA\proj\RG V5\Teksture\main.cpp(369,10): warning C4305: 'initializing': truncation from 'double' to 'float'
D:\Fakultet\GRAFIKA\proj\RG V5\Teksture\main.cpp(369,17): warning C4305: 'initializing': truncation from 'double' to 'float'
D:\Fakultet\GRAFIKA\proj\RG V5\Teksture\main.cpp(384,9): warning C4305: 'initializing': truncation from 'double' to 'float'
D:\Fakultet\GRAFIKA\proj\RG V5\Teksture\main.cpp(384,17): warning C4305: 'initializing': truncation from 'double' to 'float'
D:\Fakultet\GRAFIKA\proj\RG V5\Teksture\main.cpp(385,9): warning C4305: 'initializing': truncation from 'double' to 'float'
D:\Fakultet\GRAFIKA\proj\RG V5\Teksture\main.cpp(385,17): warning C4305: 'initializing': truncation from 'double' to 'float'
D:\Fakultet\GRAFIKA\proj\RG V5\Teksture\main.cpp(386,9): warning C4305: 'initializing': truncation from 'double' to 'float'
D:\Fakultet\GRAFIKA\proj\RG V5\Teksture\main.cpp(386,16): warning C4305: 'initializing': truncation from 'double' to 'float'
D:\Fakultet\GRAFIKA\proj\RG V5\Teksture\main.cpp(387,9): warning C4305: 'initializing': truncation from 'double' to 'float'
D:\Fakultet\GRAFIKA\proj\RG V5\Teksture\main.cpp(387,16): warning C4305: 'initializing': truncation from 'double' to 'float'
D:\Fakultet\GRAFIKA\proj\RG V5\Teksture\main.cpp(522,19): warning C4305: 'initializing': truncation from 'double' to 'float'
D:\Fakultet\GRAFIKA\proj\RG V5\Teksture\main.cpp(540,39): warning C4244: '=': conversion from 'double' to 'float', possible loss of data
D:\Fakultet\GRAFIKA\proj\RG V5\Teksture\main.cpp(564,25): warning C4305: '-=': truncation from 'double' to 'float'
D:\Fakultet\GRAFIKA\proj\RG V5\Teksture\main.cpp(571,25): warning C4305: '+=': truncation from 'double' to 'float'
D:\Fakultet\GRAFIKA\proj\RG V5\Teksture\main.cpp(573,21): warning C4305: '=': truncation from 'double' to 'float'
D:\Fakultet\GRAFIKA\proj\RG V5\Teksture\main.cpp(579,35): warning C4305: '-=': truncation from 'double' to 'float'
D:\Fakultet\GRAFIKA\proj\RG V5\Teksture\main.cpp(589,35): warning C4305: '+=': truncation from 'double' to 'float'
D:\Fakultet\GRAFIKA\proj\RG V5\Teksture\main.cpp(591,31): warning C4305: '=': truncation from 'double' to 'float'
D:\Fakultet\GRAFIKA\proj\RG V5\Teksture\main.cpp(612,35): warning C4305: '+=': truncation from 'double' to 'float'
D:\Fakultet\GRAFIKA\proj\RG V5\Teksture\main.cpp(614,35): warning C4305: '-=': truncation from 'double' to 'float'
D:\Fakultet\GRAFIKA\proj\RG V5\Teksture\main.cpp(623,33): warning C4244: 'initializing': conversion from 'double' to 'float', possible loss of data
D:\Fakultet\GRAFIKA\proj\RG V5\Teksture\main.cpp(811,43): warning C4244: 'argument': conversion from 'double' to 'GLfloat', possible loss of data
D:\Fakultet\GRAFIKA\proj\RG V5\Teksture\main.cpp(812,49): warning C4244: 'argument': conversion from 'double' to 'GLfloat', possible loss of data
D:\Fakultet\GRAFIKA\proj\RG V5\Teksture\main.cpp(822,43): warning C4244: 'argument': conversion from 'double' to 'GLfloat', possible loss of data
D:\Fakultet\GRAFIKA\proj\RG V5\Teksture\main.cpp(823,49): warning C4244: 'argument': conversion from 'double' to 'GLfloat', possible loss of data
D:\Fakultet\GRAFIKA\proj\RG V5\Teksture\main.cpp(833,43): warning C4244: 'argument': conversion from 'double' to 'GLfloat', possible loss of data
D:\Fakultet\GRAFIKA\proj\RG V5\Teksture\main.cpp(834,49): warning C4244: 'argument': conversion from 'double' to 'GLfloat', possible loss of data
D:\Fakultet\GRAFIKA\proj\RG V5\Teksture\main.cpp(844,43): warning C4244: 'argument': conversion from 'double' to 'GLfloat', possible loss of data
D:\Fakultet\GRAFIKA\proj\RG V5\Teksture\main.cpp(845,49): warning C4244: 'argument': conversion from 'double' to 'GLfloat', possible loss of data
D:\Fakultet\GRAFIKA\proj\RG V5\Teksture\main.cpp(855,43): warning C4244: 'argument': conversion from 'double' to 'GLfloat', possible loss of data
D:\Fakultet\GRAFIKA\proj\RG V5\Teksture\main.cpp(856,49): warning C4244: 'argument': conversion from 'double' to 'GLfloat', possible loss of data
D:\Fakultet\GRAFIKA\proj\RG V5\Teksture\main.cpp(866,43): warning C4244: 'argument': conversion from 'double' to 'GLfloat', possible loss of data
D:\Fakultet\GRAFIKA\proj\RG V5\Teksture\main.cpp(867,49): warning C4244: 'argument': conversion from 'double' to 'GLfloat', possible loss of data
D:\Fakultet\GRAFIKA\proj\RG V5\Teksture\main.cpp(877,43): warning C4244: 'argument': conversion from 'double' to 'GLfloat', possible loss of data
D:\Fakultet\GRAFIKA\proj\RG V5\Teksture\main.cpp(878,49): warning C4244: 'argument': conversion from 'double' to 'GLfloat', possible loss of data
D:\Fakultet\GRAFIKA\proj\RG V5\Teksture\main.cpp(888,43): warning C4244: 'argument': conversion from 'double' to 'GLfloat', possible loss of data
D:\Fakultet\GRAFIKA\proj\RG V5\Teksture\main.cpp(889,49): warning C4244: 'argument': conversion from 'double' to 'GLfloat', possible loss of data
D:\Fakultet\GRAFIKA\proj\RG V5\Teksture\main.cpp(899,43): warning C4244: 'argument': conversion from 'double' to 'GLfloat', possible loss of data
D:\Fakultet\GRAFIKA\proj\RG V5\Teksture\main.cpp(900,49): warning C4244: 'argument': conversion from 'double' to 'GLfloat', possible loss of data
D:\Fakultet\GRAFIKA\proj\RG V5\Teksture\main.cpp(910,43): warning C4244: 'argument': conversion from 'double' to 'GLfloat', possible loss of data
D:\Fakultet\GRAFIKA\proj\RG V5\Teksture\main.cpp(911,49): warning C4244: 'argument': conversion from 'double' to 'GLfloat', possible loss of data
  Sablon.vcxproj -> D:\Fakultet\GRAFIKA\proj\RG V5\Teksture\x64\Debug\Sablon.exe
